2021-03-08 11:20:48 INFO OK: В системе больше 1 GB оперативной памяти.
2021-03-08 11:20:48 INFO OK: Количество оперативной памяти определино: 24 GB
2021-03-08 11:20:48 INFO OK: Найденное значение, целое число.
2021-03-08 11:20:48 INFO OK: Файл был создан и находится на диске.
2021-03-08 11:20:48 INFO OK: Файл отсутствует.
2021-03-08 11:23:01 INFO OK: В системе больше 1 GB оперативной памяти.
2021-03-08 11:23:01 INFO OK: Количество оперативной памяти определино: 24 GB
2021-03-08 11:23:01 INFO OK: Найденное значение, целое число.
2021-03-08 11:23:01 INFO OK: Файл был создан и находится на диске.
2021-03-08 11:23:01 INFO OK: Файл отсутствует.
2021-03-08 11:23:05 INFO OK: В системе больше 1 GB оперативной памяти.
2021-03-08 11:23:05 INFO OK: Количество оперативной памяти определино: 24 GB
2021-03-08 11:23:05 INFO OK: Найденное значение, целое число.
2021-03-08 11:23:05 INFO OK: Файл был создан и находится на диске.
2021-03-08 11:23:05 INFO OK: Файл отсутствует.
2021-03-08 11:23:06 INFO OK: В системе больше 1 GB оперативной памяти.
2021-03-08 11:23:06 INFO OK: Количество оперативной памяти определино: 24 GB
2021-03-08 11:23:06 INFO OK: Найденное значение, целое число.
2021-03-08 11:23:06 INFO OK: Файл был создан и находится на диске.
2021-03-08 11:23:06 INFO OK: Файл отсутствует.
2021-03-08 11:23:07 INFO NOK: Количество секунд, не кратно 2
2021-03-08 11:23:07 INFO OK: Значение return_value: False - не является пустым.
2021-03-08 11:23:07 INFO OK: Значение return_value: False - является булевым.
2021-03-08 11:23:07 INFO OK: Список файлов из домашней директории: 
['.git', '.idea', 'file.log', 'logging_info.py', 'main.py', 'README.md', 'requirements.txt', 'some_func_1.py', 'some_func_2.py']
2021-03-08 11:23:07 INFO OK: В системе больше 1 GB оперативной памяти.
2021-03-08 11:23:07 INFO OK: Количество оперативной памяти определино: 24 GB
2021-03-08 11:23:07 INFO OK: Найденное значение, целое число.
2021-03-08 11:23:07 INFO OK: Файл был создан и находится на диске.
2021-03-08 11:23:07 INFO OK: Файл отсутствует.
2021-03-08 11:24:11 INFO OK: Количество секунд, кратно 2
2021-03-08 11:24:11 INFO OK: Значение return_value: False - не является пустым.
2021-03-08 11:24:11 INFO OK: Значение return_value: False - является булевым.
2021-03-08 11:24:11 INFO OK: Список файлов из домашней директории: 
['.git', '.idea', 'file.log', 'logging_info.py', 'main.py', 'README.md', 'requirements.txt', 'some_func_1.py', 'some_func_2.py']
2021-03-08 11:24:11 INFO OK: В системе больше 1 GB оперативной памяти.
2021-03-08 11:24:11 INFO OK: Количество оперативной памяти определино: 24 GB
2021-03-08 11:24:11 INFO OK: Найденное значение, целое число.
2021-03-08 11:24:11 INFO OK: Файл был создан и находится на диске.
2021-03-08 11:24:11 INFO OK: Файл отсутствует.
2021-03-08 11:29:04 INFO OK: В системе больше 1 GB оперативной памяти.
2021-03-08 11:29:04 INFO OK: Количество оперативной памяти определино: 24 GB
2021-03-08 11:29:04 INFO OK: Найденное значение, целое число.
2021-03-08 11:29:04 INFO OK: Файл был создан и находится на диске.
2021-03-08 11:29:04 INFO OK: Файл отсутствует.
2021-03-08 11:29:12 INFO OK: Количество секунд, кратно 2
2021-03-08 11:29:12 INFO OK: Значение return_value: False - не является пустым.
2021-03-08 11:29:12 INFO OK: Значение return_value: False - является булевым.
2021-03-08 11:29:12 INFO OK: Список файлов из домашней директории: 
['.git', '.idea', 'file.log', 'logging_info.py', 'main.py', 'README.md', 'requirements.txt', 'some_func_1.py', 'some_func_2.py']
2021-03-08 11:29:12 INFO OK: В системе больше 1 GB оперативной памяти.
2021-03-08 11:29:12 INFO OK: Количество оперативной памяти определино: 24 GB
2021-03-08 11:29:12 INFO OK: Найденное значение, целое число.
2021-03-08 11:29:12 INFO OK: Файл был создан и находится на диске.
2021-03-08 11:29:12 INFO OK: Файл отсутствует.
2021-03-08 11:34:10 INFO OK: В системе больше 1 GB оперативной памяти.
2021-03-08 11:34:10 INFO OK: Количество оперативной памяти определино: 24 GB
2021-03-08 11:34:10 INFO OK: Найденное значение, целое число.
2021-03-08 11:34:10 INFO OK: Файл был создан и находится на диске.
2021-03-08 11:34:10 INFO OK: Файл отсутствует.
2021-03-08 11:35:24 INFO test_01_prep skipped
2021-03-08 11:35:24 INFO OK: Количество секунд, кратно 2
2021-03-08 11:35:24 INFO OK: Значение return_value: False - не является пустым.
2021-03-08 11:35:24 INFO OK: Значение return_value: False - является булевым.
2021-03-08 11:35:24 INFO OK: Список файлов из домашней директории: 
['.git', '.idea', 'file.log', 'logging_info.py', 'main.py', 'README.md', 'requirements.txt', 'some_func_1.py', 'some_func_2.py']
2021-03-08 11:35:26 INFO test_01_prep skipped
2021-03-08 11:43:33 INFO NOK: TcId00ListOfFiles пропущен так-как test_01_prep не удовлетворяет условию.
2021-03-08 11:43:33 INFO NOK: TcId01RandomFile пропущен так-как test_01_prep не удовлетворяет условию.
2021-03-08 11:43:50 INFO NOK: TcId00ListOfFiles пропущен так-как test_01_prep не удовлетворяет условию.
2021-03-08 11:43:50 INFO NOK: TcId01RandomFile пропущен так-как test_01_prep не удовлетворяет условию.
2021-03-08 11:43:50 INFO OK: В системе больше 1 GB оперативной памяти.
2021-03-08 11:43:50 INFO OK: Количество оперативной памяти определино: 24 GB
2021-03-08 11:43:50 INFO OK: Найденное значение, целое число.
2021-03-08 11:43:50 INFO OK: Файл был создан и находится на диске.
2021-03-08 11:43:50 INFO OK: Файл отсутствует.
2021-03-08 11:45:07 INFO NOK: TcId00ListOfFiles пропущен так-как test_01_prep не удовлетворяет условию.
2021-03-08 11:45:07 INFO NOK: TcId01RandomFile пропущен так-как test_01_prep не удовлетворяет условию.
2021-03-08 11:45:07 INFO OK: Количество секунд, кратно 2
2021-03-08 11:45:07 INFO OK: Значение return_value: False - не является пустым.
2021-03-08 11:45:07 INFO OK: Значение return_value: False - является булевым.
2021-03-08 11:45:07 INFO OK: Список файлов из домашней директории: 
['.git', '.idea', 'file.log', 'logging_info.py', 'main.py', 'README.md', 'requirements.txt', 'some_func_1.py', 'some_func_2.py']
2021-03-08 11:45:07 INFO OK: В системе больше 1 GB оперативной памяти.
2021-03-08 11:45:07 INFO OK: Количество оперативной памяти определино: 24 GB
2021-03-08 11:45:07 INFO OK: Найденное значение, целое число.
2021-03-08 11:45:07 INFO OK: Файл был создан и находится на диске.
2021-03-08 11:45:07 INFO OK: Файл отсутствует.
2021-03-08 11:46:02 INFO OK: TcId00ListOfFiles отработат полностью так-как test_01_prep удовлетворяет условию.
2021-03-08 11:46:02 INFO OK: TcId01RandomFile выполнен так-как test_01_prep удовлетворяет условию.
2021-03-08 11:46:02 INFO OK: В системе больше 1 GB оперативной памяти.
2021-03-08 11:46:02 INFO OK: Количество оперативной памяти определино: 24 GB
2021-03-08 11:46:02 INFO OK: Найденное значение, целое число.
2021-03-08 11:46:02 INFO OK: Файл был создан и находится на диске.
2021-03-08 11:46:02 INFO OK: Файл отсутствует.
2021-03-08 11:47:48 INFO OK: TcId00ListOfFiles выполнен так-как test_01_prep удовлетворяет условию.
2021-03-08 11:47:48 INFO OK: TcId01RandomFile выполнен так-как test_01_prep удовлетворяет условию.
2021-03-08 11:47:48 INFO OK: В системе больше 1 GB оперативной памяти.
2021-03-08 11:47:48 INFO OK: Количество оперативной памяти определино: 24 GB
2021-03-08 11:47:48 INFO OK: Найденное значение, целое число.
2021-03-08 11:47:48 INFO OK: Файл был создан и находится на диске.
2021-03-08 11:47:48 INFO OK: Файл отсутствует.
2021-03-08 11:48:15 INFO OK: TcId01RandomFile выполнен так-как test_01_prep удовлетворяет условию.
2021-03-08 11:48:15 INFO OK: В системе больше 1 GB оперативной памяти.
2021-03-08 11:48:15 INFO OK: Количество оперативной памяти определино: 24 GB
2021-03-08 11:48:15 INFO OK: Найденное значение, целое число.
2021-03-08 11:48:15 INFO OK: Файл был создан и находится на диске.
2021-03-08 11:48:15 INFO OK: Файл отсутствует.
2021-03-08 11:48:40 INFO OK: Количество секунд, кратно 2
2021-03-08 11:48:40 INFO OK: Значение return_value: False - не является пустым.
2021-03-08 11:48:40 INFO OK: Значение return_value: False - является булевым.
2021-03-08 11:48:40 INFO OK: Список файлов из домашней директории: 
['.git', '.idea', 'file.log', 'logging_info.py', 'main.py', 'README.md', 'requirements.txt', 'some_func_1.py', 'some_func_2.py']
2021-03-08 11:48:40 INFO OK: В системе больше 1 GB оперативной памяти.
2021-03-08 11:48:40 INFO OK: Количество оперативной памяти определино: 24 GB
2021-03-08 11:48:40 INFO OK: Найденное значение, целое число.
2021-03-08 11:48:40 INFO OK: Файл был создан и находится на диске.
2021-03-08 11:48:40 INFO OK: Файл отсутствует.
2021-03-08 11:48:47 INFO OK: Количество секунд, кратно 2
2021-03-08 11:48:47 INFO OK: Значение return_value: False - не является пустым.
2021-03-08 11:48:47 INFO OK: Значение return_value: False - является булевым.
2021-03-08 11:48:47 INFO OK: Список файлов из домашней директории: 
['.git', '.idea', 'file.log', 'logging_info.py', 'main.py', 'README.md', 'requirements.txt', 'some_func_1.py', 'some_func_2.py']
2021-03-08 11:48:47 INFO OK: В системе больше 1 GB оперативной памяти.
2021-03-08 11:48:47 INFO OK: Количество оперативной памяти определино: 24 GB
2021-03-08 11:48:47 INFO OK: Найденное значение, целое число.
2021-03-08 11:48:47 INFO OK: Файл был создан и находится на диске.
2021-03-08 11:48:47 INFO OK: Файл отсутствует.
2021-03-08 11:48:48 INFO OK: В системе больше 1 GB оперативной памяти.
2021-03-08 11:48:48 INFO OK: Количество оперативной памяти определино: 24 GB
2021-03-08 11:48:48 INFO OK: Найденное значение, целое число.
2021-03-08 11:48:48 INFO OK: Файл был создан и находится на диске.
2021-03-08 11:48:48 INFO OK: Файл отсутствует.
2021-03-08 11:50:22 INFO OK: В системе больше 1 GB оперативной памяти.
2021-03-08 11:50:22 INFO OK: Количество оперативной памяти определино: 24 GB
2021-03-08 11:50:22 INFO OK: Найденное значение, целое число.
2021-03-08 11:50:22 INFO OK: Файл был создан и находится на диске.
2021-03-08 11:50:22 INFO OK: Файл отсутствует.
2021-03-08 11:54:22 INFO OK: Количество секунд, кратно 2
2021-03-08 11:54:22 INFO OK: Значение return_value: False - не является пустым.
2021-03-08 11:54:22 INFO OK: Значение return_value: False - является булевым.
2021-03-08 11:54:22 INFO OK: Список файлов из домашней директории: 
['.git', '.idea', 'file.log', 'logging_info.py', 'main.py', 'README.md', 'requirements.txt', 'some_func_1.py', 'some_func_2.py']
2021-03-08 11:54:22 INFO OK: В системе больше 1 GB оперативной памяти.
2021-03-08 11:54:22 INFO OK: Количество оперативной памяти определино: 24 GB
2021-03-08 11:54:22 INFO OK: Найденное значение, целое число.
2021-03-08 11:54:22 INFO OK: Файл был создан и находится на диске.
2021-03-08 11:54:22 INFO OK: Файл отсутствует.
2021-03-08 11:54:25 INFO OK: Количество секунд, кратно 2
2021-03-08 11:54:25 INFO OK: Значение return_value: False - не является пустым.
2021-03-08 11:54:25 INFO OK: Значение return_value: False - является булевым.
2021-03-08 11:54:25 INFO OK: Список файлов из домашней директории: 
['.git', '.idea', 'file.log', 'logging_info.py', 'main.py', 'README.md', 'requirements.txt', 'some_func_1.py', 'some_func_2.py']
2021-03-08 11:54:25 INFO OK: В системе больше 1 GB оперативной памяти.
2021-03-08 11:54:25 INFO OK: Количество оперативной памяти определино: 24 GB
2021-03-08 11:54:25 INFO OK: Найденное значение, целое число.
2021-03-08 11:54:25 INFO OK: Файл был создан и находится на диске.
2021-03-08 11:54:25 INFO OK: Файл отсутствует.
2021-03-08 11:54:26 INFO OK: В системе больше 1 GB оперативной памяти.
2021-03-08 11:54:26 INFO OK: Количество оперативной памяти определино: 24 GB
2021-03-08 11:54:26 INFO OK: Найденное значение, целое число.
2021-03-08 11:54:26 INFO OK: Файл был создан и находится на диске.
2021-03-08 11:54:26 INFO OK: Файл отсутствует.
2021-03-08 11:55:19 INFO OK: Количество секунд, кратно 2
2021-03-08 11:55:19 INFO OK: Значение return_value: False - не является пустым.
2021-03-08 11:55:19 INFO OK: Значение return_value: False - является булевым.
2021-03-08 11:55:19 INFO OK: Список файлов из домашней директории: 
['.git', '.idea', 'file.log', 'logging_info.py', 'main.py', 'README.md', 'requirements.txt', 'some_func_1.py', 'some_func_2.py']
2021-03-08 11:55:19 INFO OK: В системе больше 1 GB оперативной памяти.
2021-03-08 11:55:19 INFO OK: Количество оперативной памяти определино: 24 GB
2021-03-08 11:55:19 INFO OK: Найденное значение, целое число.
2021-03-08 11:55:19 INFO OK: Файл был создан и находится на диске.
2021-03-08 11:55:19 INFO OK: Файл отсутствует.
2021-03-08 11:55:21 INFO OK: Количество секунд, кратно 2
2021-03-08 11:55:21 INFO OK: Значение return_value: False - не является пустым.
2021-03-08 11:55:21 INFO OK: Значение return_value: False - является булевым.
2021-03-08 11:55:21 INFO OK: Список файлов из домашней директории: 
['.git', '.idea', 'file.log', 'logging_info.py', 'main.py', 'README.md', 'requirements.txt', 'some_func_1.py', 'some_func_2.py']
2021-03-08 11:55:21 INFO OK: В системе больше 1 GB оперативной памяти.
2021-03-08 11:55:21 INFO OK: Количество оперативной памяти определино: 24 GB
2021-03-08 11:55:21 INFO OK: Найденное значение, целое число.
2021-03-08 11:55:21 INFO OK: Файл был создан и находится на диске.
2021-03-08 11:55:21 INFO OK: Файл отсутствует.
2021-03-08 11:55:22 INFO OK: В системе больше 1 GB оперативной памяти.
2021-03-08 11:55:22 INFO OK: Количество оперативной памяти определино: 24 GB
2021-03-08 11:55:22 INFO OK: Найденное значение, целое число.
2021-03-08 11:55:22 INFO OK: Файл был создан и находится на диске.
2021-03-08 11:55:22 INFO OK: Файл отсутствует.
2021-03-08 11:55:56 INFO OK: Количество секунд, кратно 2
2021-03-08 11:55:56 INFO OK: Значение return_value: False - не является пустым.
2021-03-08 11:55:56 INFO OK: Значение return_value: False - является булевым.
2021-03-08 11:55:56 INFO OK: Список файлов из домашней директории: 
['.git', '.idea', 'file.log', 'logging_info.py', 'main.py', 'README.md', 'requirements.txt', 'some_func_1.py', 'some_func_2.py']
2021-03-08 11:55:56 INFO OK: В системе больше 1 GB оперативной памяти.
2021-03-08 11:55:56 INFO OK: Количество оперативной памяти определино: 24 GB
2021-03-08 11:55:56 INFO OK: Найденное значение, целое число.
2021-03-08 11:55:56 INFO OK: Файл был создан и находится на диске.
2021-03-08 11:55:56 INFO OK: Файл отсутствует.
2021-03-08 11:55:58 INFO OK: Количество секунд, кратно 2
2021-03-08 11:55:58 INFO OK: Значение return_value: False - не является пустым.
2021-03-08 11:55:58 INFO OK: Значение return_value: False - является булевым.
2021-03-08 11:55:58 INFO OK: Список файлов из домашней директории: 
['.git', '.idea', 'file.log', 'logging_info.py', 'main.py', 'README.md', 'requirements.txt', 'some_func_1.py', 'some_func_2.py']
2021-03-08 11:55:58 INFO OK: В системе больше 1 GB оперативной памяти.
2021-03-08 11:55:58 INFO OK: Количество оперативной памяти определино: 24 GB
2021-03-08 11:55:58 INFO OK: Найденное значение, целое число.
2021-03-08 11:55:58 INFO OK: Файл был создан и находится на диске.
2021-03-08 11:55:58 INFO OK: Файл отсутствует.
2021-03-08 11:55:59 INFO OK: В системе больше 1 GB оперативной памяти.
2021-03-08 11:55:59 INFO OK: Количество оперативной памяти определино: 24 GB
2021-03-08 11:55:59 INFO OK: Найденное значение, целое число.
2021-03-08 11:55:59 INFO OK: Файл был создан и находится на диске.
2021-03-08 11:55:59 INFO OK: Файл отсутствует.
2021-03-08 11:58:29 INFO OK: Список файлов из домашней директории: 
['.git', '.idea', 'file.log', 'logging_info.py', 'main.py', 'README.md', 'requirements.txt', 'some_func_1.py', 'some_func_2.py']
2021-03-08 11:58:33 INFO OK: Список файлов из домашней директории: 
['.git', '.idea', 'file.log', 'logging_info.py', 'main.py', 'README.md', 'requirements.txt', 'some_func_1.py', 'some_func_2.py']
2021-03-08 11:58:40 INFO OK: Количество секунд, кратно 2
2021-03-08 11:58:40 INFO OK: Значение return_value: False - не является пустым.
2021-03-08 11:58:40 INFO OK: Значение return_value: False - является булевым.
2021-03-08 11:58:40 INFO OK: Список файлов из домашней директории: 
['.git', '.idea', 'file.log', 'logging_info.py', 'main.py', 'README.md', 'requirements.txt', 'some_func_1.py', 'some_func_2.py']
2021-03-08 11:58:40 INFO OK: В системе больше 1 GB оперативной памяти.
2021-03-08 11:58:40 INFO OK: Количество оперативной памяти определино: 24 GB
2021-03-08 11:58:40 INFO OK: Найденное значение, целое число.
2021-03-08 11:58:40 INFO OK: Файл был создан и находится на диске.
2021-03-08 11:58:40 INFO OK: Файл отсутствует.
2021-03-08 11:58:45 INFO OK: В системе больше 1 GB оперативной памяти.
2021-03-08 11:58:45 INFO OK: Количество оперативной памяти определино: 24 GB
2021-03-08 11:58:45 INFO OK: Найденное значение, целое число.
2021-03-08 11:58:45 INFO OK: Файл был создан и находится на диске.
2021-03-08 11:58:45 INFO OK: Файл отсутствует.
2021-03-08 12:04:29 INFO OK: Количество секунд, кратно 2
2021-03-08 12:04:29 INFO OK: Значение return_value: False - не является пустым.
2021-03-08 12:04:29 INFO OK: Значение return_value: False - является булевым.
2021-03-08 12:04:29 INFO OK: Список файлов из домашней директории: 
['.git', '.idea', 'file.log', 'logging_info.py', 'main.py', 'README.md', 'requirements.txt', 'some_func_1.py', 'some_func_2.py']
2021-03-08 12:04:29 INFO OK: В системе больше 1 GB оперативной памяти.
2021-03-08 12:04:29 INFO OK: Количество оперативной памяти определино: 24 GB
2021-03-08 12:04:29 INFO OK: Найденное значение, целое число.
2021-03-08 12:04:29 INFO OK: Файл был создан и находится на диске.
2021-03-08 12:04:29 INFO OK: Файл отсутствует.
2021-03-08 12:04:30 INFO OK: В системе больше 1 GB оперативной памяти.
2021-03-08 12:04:30 INFO OK: Количество оперативной памяти определино: 24 GB
2021-03-08 12:04:30 INFO OK: Найденное значение, целое число.
2021-03-08 12:04:30 INFO OK: Файл был создан и находится на диске.
2021-03-08 12:04:30 INFO OK: Файл отсутствует.
2021-03-08 12:05:05 INFO OK: В системе больше 1 GB оперативной памяти.
2021-03-08 12:05:05 INFO OK: Количество оперативной памяти определино: 24 GB
2021-03-08 12:05:05 INFO OK: Найденное значение, целое число.
2021-03-08 12:05:05 INFO OK: Файл был создан и находится на диске.
2021-03-08 12:05:05 INFO OK: Файл отсутствует.
2021-03-08 12:05:15 INFO OK: Количество секунд, кратно 2
2021-03-08 12:05:15 INFO OK: Значение return_value: False - не является пустым.
2021-03-08 12:05:15 INFO OK: Значение return_value: False - является булевым.
2021-03-08 12:05:15 INFO OK: Список файлов из домашней директории: 
['.git', '.idea', 'file.log', 'logging_info.py', 'main.py', 'README.md', 'requirements.txt', 'some_func_1.py', 'some_func_2.py']
2021-03-08 12:05:15 INFO OK: В системе больше 1 GB оперативной памяти.
2021-03-08 12:05:15 INFO OK: Количество оперативной памяти определино: 24 GB
2021-03-08 12:05:15 INFO OK: Найденное значение, целое число.
2021-03-08 12:05:15 INFO OK: Файл был создан и находится на диске.
2021-03-08 12:05:15 INFO OK: Файл отсутствует.
2021-03-08 12:05:17 INFO OK: В системе больше 1 GB оперативной памяти.
2021-03-08 12:05:17 INFO OK: Количество оперативной памяти определино: 24 GB
2021-03-08 12:05:17 INFO OK: Найденное значение, целое число.
2021-03-08 12:05:17 INFO OK: Файл был создан и находится на диске.
2021-03-08 12:05:17 INFO OK: Файл отсутствует.
2021-03-08 12:07:57 INFO OK: Количество секунд, кратно 2
2021-03-08 12:07:57 INFO OK: Значение return_value: False - не является пустым.
2021-03-08 12:07:57 INFO OK: Значение return_value: False - является булевым.
2021-03-08 12:07:57 INFO OK: Список файлов из домашней директории: 
['.git', '.idea', 'file.log', 'logging_info.py', 'main.py', 'README.md', 'requirements.txt', 'some_func_1.py', 'some_func_2.py']
2021-03-08 12:07:57 INFO OK: В системе больше 1 GB оперативной памяти.
2021-03-08 12:07:57 INFO OK: Количество оперативной памяти определино: 24 GB
2021-03-08 12:07:57 INFO OK: Найденное значение, целое число.
2021-03-08 12:07:57 INFO OK: Файл был создан и находится на диске.
2021-03-08 12:07:57 INFO OK: Файл отсутствует.
2021-03-08 12:07:58 INFO OK: В системе больше 1 GB оперативной памяти.
2021-03-08 12:07:58 INFO OK: Количество оперативной памяти определино: 24 GB
2021-03-08 12:07:58 INFO OK: Найденное значение, целое число.
2021-03-08 12:07:58 INFO OK: Файл был создан и находится на диске.
2021-03-08 12:07:58 INFO OK: Файл отсутствует.
2021-03-08 12:09:59 INFO OK: В системе больше 1 GB оперативной памяти.
2021-03-08 12:09:59 INFO OK: Количество оперативной памяти определино: 24 GB
2021-03-08 12:09:59 INFO OK: Найденное значение, целое число.
2021-03-08 12:09:59 INFO OK: Файл был создан и находится на диске.
2021-03-08 12:09:59 INFO OK: Файл отсутствует.
